[debug] [2023-11-25T17:18:05.475Z] ----------------------------------------------------------------------
[debug] [2023-11-25T17:18:05.478Z] Command:       C:\Program Files\nodejs\node.exe C:\Users\CARISCA-iLAB2\AppData\Roaming\npm\node_modules\firebase-tools\lib\bin\firebase.js init
[debug] [2023-11-25T17:18:05.478Z] CLI Version:   12.9.1
[debug] [2023-11-25T17:18:05.478Z] Platform:      win32
[debug] [2023-11-25T17:18:05.478Z] Node Version:  v18.16.0
[debug] [2023-11-25T17:18:05.479Z] Time:          Sat Nov 25 2023 17:18:05 GMT+0000 (Greenwich Mean Time)
[debug] [2023-11-25T17:18:05.479Z] ----------------------------------------------------------------------
[debug] 
[debug] [2023-11-25T17:18:05.484Z] > command requires scopes: ["email","openid","https://www.googleapis.com/auth/cloudplatformprojects.readonly","https://www.googleapis.com/auth/firebase","https://www.googleapis.com/auth/cloud-platform"]
[debug] [2023-11-25T17:18:05.484Z] > authorizing via signed-in user (enfoni32@gmail.com)
[info] 
     ######## #### ########  ######## ########     ###     ######  ########
     ##        ##  ##     ## ##       ##     ##  ##   ##  ##       ##
     ######    ##  ########  ######   ########  #########  ######  ######
     ##        ##  ##    ##  ##       ##     ## ##     ##       ## ##
     ##       #### ##     ## ######## ########  ##     ##  ######  ########

You're about to initialize a Firebase project in this directory:

  D:\React_JS\corporate

[info] 
=== Project Setup
[info] 
[info] First, let's associate this project directory with a Firebase project.
[info] You can create multiple project aliases by running firebase use --add, 
[info] but for now we'll just set up a default project.
[info] 
[debug] [2023-11-25T17:18:35.580Z] > refreshing access token with scopes: []
[debug] [2023-11-25T17:18:35.582Z] >>> [apiv2][query] POST https://www.googleapis.com/oauth2/v3/token [none]
[debug] [2023-11-25T17:18:35.582Z] >>> [apiv2][body] POST https://www.googleapis.com/oauth2/v3/token [omitted]
[debug] [2023-11-25T17:18:36.012Z] <<< [apiv2][status] POST https://www.googleapis.com/oauth2/v3/token 200
[debug] [2023-11-25T17:18:36.012Z] <<< [apiv2][body] POST https://www.googleapis.com/oauth2/v3/token [omitted]
[debug] [2023-11-25T17:18:36.025Z] >>> [apiv2][query] GET https://firebase.googleapis.com/v1beta1/projects pageSize=100
[debug] [2023-11-25T17:18:36.983Z] <<< [apiv2][status] GET https://firebase.googleapis.com/v1beta1/projects 200
[debug] [2023-11-25T17:18:36.984Z] <<< [apiv2][body] GET https://firebase.googleapis.com/v1beta1/projects [omitted]
[info] i  Using project obesse-game (obesse-game) 
[info] 
=== Hosting Setup
[debug] [2023-11-25T17:18:42.717Z] >>> [apiv2][query] GET https://firebase.googleapis.com/v1beta1/projects/obesse-game [none]
[debug] [2023-11-25T17:18:43.233Z] <<< [apiv2][status] GET https://firebase.googleapis.com/v1beta1/projects/obesse-game 200
[debug] [2023-11-25T17:18:43.233Z] <<< [apiv2][body] GET https://firebase.googleapis.com/v1beta1/projects/obesse-game {"projectId":"obesse-game","projectNumber":"184409257683","displayName":"obesse-game","name":"projects/obesse-game","resources":{"hostingSite":"obesse-game","realtimeDatabaseInstance":"obesse-game-default-rtdb"},"state":"ACTIVE","etag":"1_41d8b656-48d6-4367-a6b0-7d1fcd0713aa"}
[info] 
[info] Your public directory is the folder (relative to your project directory) that
[info] will contain Hosting assets to be uploaded with firebase deploy. If you
[info] have a build process for your assets, use your build's output directory.
[info] 
